<?xml version="1.0" encoding="utf-8"?><testsuites><testsuite errors="0" failures="0" hostname="DESKTOP-AEOGT5D" name="pytest" skipped="0" tests="4" time="2.889" timestamp="2020-07-13T12:16:04.018407"><testcase classname="test_submit" file="test_submit.py" line="3" name="test_q1" time="0.052"></testcase><testcase classname="test_submit" file="test_submit.py" line="8" name="test_q2" time="0.027"></testcase><testcase classname="test_submit" file="test_submit.py" line="13" name="test_q3" time="0.027"></testcase><testcase classname="test_submit" file="test_submit.py" line="18" name="test_q4" time="0.246"></testcase></testsuite></testsuites>